<?xml version="1.0" encoding="UTF-8"?>
<testsuite name="cycle_02.EmbratecTest" tests="1" skipped="0" failures="0" errors="0" timestamp="2020-03-17T20:39:16" hostname="DBC-000882" time="0.298">
  <properties/>
  <testcase name="Nome do cenÃ¡rio de teste" classname="cycle_02.EmbratecTest" time="0.298"/>
  <system-out><![CDATA[]]></system-out>
  <system-err><![CDATA[]]></system-err>
</testsuite>
